Tue Jun 18 19:04:31 CEST 2013 : Apache Derby Network Server - 10.8.2.2 - (1181258) started and ready to accept connections on port 1527
----------------------------------------------------------------
Tue Jun 18 19:04:32 CEST 2013:
Booting Derby version The Apache Software Foundation - Apache Derby - 10.8.2.2 - (1181258): instance a816c00e-013f-583e-b480-ffff9d5fec6b 
on database directory C:\Users\Niclas\Documents\NetBeansProjects\ScaleSweden\ScaleSweden  with class loader sun.misc.Launcher$AppClassLoader@8ed465 
Loaded from file:/C:/Program%20Files/Java/jdk1.7.0_21/db/lib/derby.jar
java.vendor=Oracle Corporation
java.runtime.version=1.7.0_21-b11
user.dir=C:\Program Files\Java\jdk1.7.0_21\db
derby.system.home=C:\Users\Niclas\Documents\NetBeansProjects\ScaleSweden
Database Class Loader started - derby.database.classpath=''
----------------------------------------------------------------
Tue Jun 18 19:04:42 CEST 2013:
Shutting down instance a816c00e-013f-583e-b480-ffff9d5fec6b on database directory C:\Users\Niclas\Documents\NetBeansProjects\ScaleSweden\ScaleSweden with class loader sun.misc.Launcher$AppClassLoader@8ed465 
Tue Jun 18 19:04:43 CEST 2013 Thread[DRDAConnThread_3,5,main] (DATABASE = ScaleSweden), (DRDAID = {2}), Database 'ScaleSweden' shutdown.
----------------------------------------------------------------
Tue Jun 18 19:04:48 CEST 2013:
Booting Derby version The Apache Software Foundation - Apache Derby - 10.8.2.2 - (1181258): instance 6c44409f-013f-583e-b480-ffff9d5fec6b 
on database directory C:\Users\Niclas\Documents\NetBeansProjects\ScaleSweden\ScaleSweden  with class loader sun.misc.Launcher$AppClassLoader@8ed465 
Loaded from file:/C:/Program%20Files/Java/jdk1.7.0_21/db/lib/derby.jar
java.vendor=Oracle Corporation
java.runtime.version=1.7.0_21-b11
user.dir=C:\Program Files\Java\jdk1.7.0_21\db
derby.system.home=C:\Users\Niclas\Documents\NetBeansProjects\ScaleSweden
Database Class Loader started - derby.database.classpath=''
----------------------------------------------------------------
Tue Jun 18 23:03:17 CEST 2013: Shutting down Derby engine
